<?xml version="1.0" encoding="UTF-8"?>
<testsuite xmlns:xsi="http://www.w3.org/2001/XMLSchema-instance" xsi:noNamespaceSchemaLocation="https://maven.apache.org/surefire/maven-surefire-plugin/xsd/surefire-test-report-3.0.xsd" version="3.0" name="com.quiz.OnlineQuizPortalApplicationTests" time="5.632" tests="1" errors="0" skipped="0" failures="0">
  <properties>
[...]
</properties>
  <testcase name="contextLoads" classname="com.quiz.OnlineQuizPortalApplicationTests" time="0.594">
    <system-out><![CDATA[21:01:49.183 [main] INFO org.springframework.test.context.support.AnnotationConfigContextLoaderUtils -- Could not detect default configuration classes for test class [com.quiz.OnlineQuizPortalApplicationTests]: OnlineQuizPortalApplicationTests does not declare any static, non-private, non-final, nested classes annotated with @Configuration.
21:01:49.286 [main] INFO org.springframework.boot.test.context.SpringBootTestContextBootstrapper -- Found @SpringBootConfiguration com.quiz.OnlineQuizPortalApplication for test class com.quiz.OnlineQuizPortalApplicationTests
21:01:49.442 [main] INFO org.springframework.boot.devtools.restart.RestartApplicationListener -- Restart disabled due to context in which it is running

  .   ____          _            __ _ _
 /\\ / ___'_ __ _ _(_)_ __  __ _ \ \ \ \
( ( )\___ | '_ | '_| | '_ \/ _` | \ \ \ \
 \\/  ___)| |_)| | | | | || (_| |  ) ) ) )
  '  |____| .__|_| |_|_| |_\__, | / / / /
 =========|_|==============|___/=/_/_/_/
 :: Spring Boot ::                (v3.2.2)

2024-02-08T21:01:49.722+05:30  INFO 30412 --- [           main] c.quiz.OnlineQuizPortalApplicationTests  : Starting OnlineQuizPortalApplicationTests using Java 17.0.6 with PID 30412 (started by sarabudheen.a in D:\My workspace\Online_Quiz_Portal)
2024-02-08T21:01:49.722+05:30  INFO 30412 --- [           main] c.quiz.OnlineQuizPortalApplicationTests  : No active profile set, falling back to 1 default profile: "default"
2024-02-08T21:01:50.521+05:30  INFO 30412 --- [           main] .s.d.r.c.RepositoryConfigurationDelegate : Bootstrapping Spring Data JPA repositories in DEFAULT mode.
2024-02-08T21:01:50.631+05:30  INFO 30412 --- [           main] .s.d.r.c.RepositoryConfigurationDelegate : Finished Spring Data repository scanning in 89 ms. Found 5 JPA repository interfaces.
2024-02-08T21:01:50.944+05:30  WARN 30412 --- [           main] trationDelegate$BeanPostProcessorChecker : Bean 'org.springframework.ws.config.annotation.DelegatingWsConfiguration' of type [org.springframework.ws.config.annotation.DelegatingWsConfiguration$$SpringCGLIB$$0] is not eligible for getting processed by all BeanPostProcessors (for example: not eligible for auto-proxying). The currently created BeanPostProcessor [annotationActionEndpointMapping] is declared through a non-static factory method on that class; consider declaring it as static instead.
2024-02-08T21:01:50.991+05:30  INFO 30412 --- [           main] .w.s.a.s.AnnotationActionEndpointMapping : Supporting [WS-Addressing August 2004, WS-Addressing 1.0]
2024-02-08T21:01:51.163+05:30  INFO 30412 --- [           main] o.hibernate.jpa.internal.util.LogHelper  : HHH000204: Processing PersistenceUnitInfo [name: default]
2024-02-08T21:01:51.210+05:30  INFO 30412 --- [           main] org.hibernate.Version                    : HHH000412: Hibernate ORM core version 6.4.1.Final
2024-02-08T21:01:51.257+05:30  INFO 30412 --- [           main] o.h.c.internal.RegionFactoryInitiator    : HHH000026: Second-level cache disabled
2024-02-08T21:01:51.617+05:30  INFO 30412 --- [           main] o.s.o.j.p.SpringPersistenceUnitInfo      : No LoadTimeWeaver setup: ignoring JPA class transformer
2024-02-08T21:01:51.664+05:30  INFO 30412 --- [           main] com.zaxxer.hikari.HikariDataSource       : HikariPool-1 - Starting...
2024-02-08T21:01:51.992+05:30  INFO 30412 --- [           main] com.zaxxer.hikari.pool.HikariPool        : HikariPool-1 - Added connection com.mysql.cj.jdbc.ConnectionImpl@618f627b
2024-02-08T21:01:52.008+05:30  INFO 30412 --- [           main] com.zaxxer.hikari.HikariDataSource       : HikariPool-1 - Start completed.
2024-02-08T21:01:53.001+05:30  INFO 30412 --- [           main] o.h.e.t.j.p.i.JtaPlatformInitiator       : HHH000489: No JTA platform available (set 'hibernate.transaction.jta.platform' to enable JTA platform integration)
2024-02-08T21:01:53.048+05:30  INFO 30412 --- [           main] j.LocalContainerEntityManagerFactoryBean : Initialized JPA EntityManagerFactory for persistence unit 'default'
2024-02-08T21:01:53.486+05:30  INFO 30412 --- [           main] o.s.d.j.r.query.QueryEnhancerFactory     : Hibernate is in classpath; If applicable, HQL parser will be used.
2024-02-08T21:01:53.674+05:30  WARN 30412 --- [           main] JpaBaseConfiguration$JpaWebConfiguration : spring.jpa.open-in-view is enabled by default. Therefore, database queries may be performed during view rendering. Explicitly configure spring.jpa.open-in-view to disable this warning
2024-02-08T21:01:54.035+05:30  INFO 30412 --- [           main] c.quiz.OnlineQuizPortalApplicationTests  : Started OnlineQuizPortalApplicationTests in 4.593 seconds (process running for 5.691)
]]></system-out>
  </testcase>
</testsuite>